mode: set
golang-2019-1/3/99_hw/coverage/client.go:67.80,71.19 2 1
golang-2019-1/3/99_hw/coverage/client.go:74.2,74.20 1 1
golang-2019-1/3/99_hw/coverage/client.go:77.2,77.20 1 1
golang-2019-1/3/99_hw/coverage/client.go:82.2,94.16 10 1
golang-2019-1/3/99_hw/coverage/client.go:100.2,103.25 3 1
golang-2019-1/3/99_hw/coverage/client.go:120.2,122.16 3 1
golang-2019-1/3/99_hw/coverage/client.go:126.2,127.28 2 1
golang-2019-1/3/99_hw/coverage/client.go:134.2,134.21 1 1
golang-2019-1/3/99_hw/coverage/client.go:71.19,73.3 1 1
golang-2019-1/3/99_hw/coverage/client.go:74.20,76.3 1 1
golang-2019-1/3/99_hw/coverage/client.go:77.20,79.3 1 1
golang-2019-1/3/99_hw/coverage/client.go:94.16,95.54 1 1
golang-2019-1/3/99_hw/coverage/client.go:98.3,98.50 1 1
golang-2019-1/3/99_hw/coverage/client.go:95.54,97.4 1 1
golang-2019-1/3/99_hw/coverage/client.go:104.31,105.44 1 1
golang-2019-1/3/99_hw/coverage/client.go:106.38,107.53 1 1
golang-2019-1/3/99_hw/coverage/client.go:108.29,111.17 3 1
golang-2019-1/3/99_hw/coverage/client.go:114.3,114.44 1 1
golang-2019-1/3/99_hw/coverage/client.go:117.3,117.73 1 1
golang-2019-1/3/99_hw/coverage/client.go:111.17,113.4 1 1
golang-2019-1/3/99_hw/coverage/client.go:114.44,116.4 1 1
golang-2019-1/3/99_hw/coverage/client.go:122.16,124.3 1 1
golang-2019-1/3/99_hw/coverage/client.go:127.28,130.3 2 1
golang-2019-1/3/99_hw/coverage/client.go:130.8,132.3 1 1
golang-2019-1/3/99_hw/coverage/server.go:38.30,38.47 1 1
golang-2019-1/3/99_hw/coverage/server.go:39.30,39.57 1 1
golang-2019-1/3/99_hw/coverage/server.go:45.37,45.79 1 1
golang-2019-1/3/99_hw/coverage/server.go:46.37,46.75 1 1
golang-2019-1/3/99_hw/coverage/server.go:47.37,47.77 1 1
golang-2019-1/3/99_hw/coverage/server.go:53.40,53.82 1 1
golang-2019-1/3/99_hw/coverage/server.go:54.40,54.78 1 1
golang-2019-1/3/99_hw/coverage/server.go:55.40,55.80 1 1
golang-2019-1/3/99_hw/coverage/server.go:58.56,58.70 1 1
golang-2019-1/3/99_hw/coverage/server.go:63.59,71.30 7 1
golang-2019-1/3/99_hw/coverage/server.go:76.2,77.16 2 1
golang-2019-1/3/99_hw/coverage/server.go:82.2,87.17 5 1
golang-2019-1/3/99_hw/coverage/server.go:98.2,98.25 1 1
golang-2019-1/3/99_hw/coverage/server.go:105.2,105.16 1 1
golang-2019-1/3/99_hw/coverage/server.go:113.2,113.31 1 1
golang-2019-1/3/99_hw/coverage/server.go:117.2,118.12 2 1
golang-2019-1/3/99_hw/coverage/server.go:123.2,124.21 2 1
golang-2019-1/3/99_hw/coverage/server.go:132.2,134.29 3 1
golang-2019-1/3/99_hw/coverage/server.go:71.30,74.3 2 1
golang-2019-1/3/99_hw/coverage/server.go:77.16,80.3 2 1
golang-2019-1/3/99_hw/coverage/server.go:87.17,89.3 1 1
golang-2019-1/3/99_hw/coverage/server.go:89.8,90.32 1 1
golang-2019-1/3/99_hw/coverage/server.go:90.32,92.75 2 1
golang-2019-1/3/99_hw/coverage/server.go:92.75,94.5 1 1
golang-2019-1/3/99_hw/coverage/server.go:98.25,103.3 4 1
golang-2019-1/3/99_hw/coverage/server.go:105.16,111.3 5 1
golang-2019-1/3/99_hw/coverage/server.go:113.31,115.3 1 1
golang-2019-1/3/99_hw/coverage/server.go:118.12,121.3 2 1
golang-2019-1/3/99_hw/coverage/server.go:124.21,130.3 5 1
golang-2019-1/3/99_hw/coverage/server.go:137.50,138.20 1 1
golang-2019-1/3/99_hw/coverage/server.go:139.12,141.13 2 1
golang-2019-1/3/99_hw/coverage/server.go:142.13,144.13 2 1
golang-2019-1/3/99_hw/coverage/server.go:145.14,147.13 2 1
golang-2019-1/3/99_hw/coverage/server.go:148.10,150.13 2 1
golang-2019-1/3/99_hw/coverage/server.go:151.10,152.40 1 1
golang-2019-1/3/99_hw/coverage/server.go:156.57,157.20 1 1
golang-2019-1/3/99_hw/coverage/server.go:158.12,160.13 2 1
golang-2019-1/3/99_hw/coverage/server.go:161.13,163.13 2 1
golang-2019-1/3/99_hw/coverage/server.go:164.14,166.13 2 1
golang-2019-1/3/99_hw/coverage/server.go:167.10,169.13 2 1
golang-2019-1/3/99_hw/coverage/server.go:170.10,171.40 1 1
